<?xml version="1.0" encoding="UTF-8"?>
<!-- Generated by org.testng.reporters.JUnitXMLReporter -->
<testsuite ignored="0" hostname="IN-5CG016FPPX" failures="0" tests="4" name="Tendering test cases" time="0.202" errors="0" timestamp="2023-10-23T10:33:19 IST">
  <testcase classname="Test.parameterization" name="Goods" time="0.025"/>
  <testcase classname="Test.parameterization" name="Randamization" time="0.003"/>
  <testcase classname="Test.parameterization" name="Randamization" time="0.002"/>
  <testcase classname="Test.parameterization" name="Randamization" time="0.002"/>
</testsuite> <!-- Tendering test cases -->
