<?xml version="1.0" encoding="UTF-8"?>
<!-- Generated by org.testng.reporters.JUnitXMLReporter -->
<testsuite ignored="8" hostname="IN-5CG016FPPX" failures="0" tests="3" name="Testng" time="0.071" errors="0" timestamp="2023-10-22T14:04:58 IST">
  <testcase classname="Test.day1" name="PersonalLoan" time="0.011"/>
  <testcase classname="Test.day2" name="Carloan" time="0.002"/>
  <testcase classname="Test.day3" name="Homeloan" time="0.002"/>
  <testcase classname="Test.day3" name="HomeloanHighIntrest2" time="0.0">
    <ignored/>
  </testcase> <!-- HomeloanHighIntrest2 -->
  <testcase classname="Test.day3" name="HomeloanHighIntrest3" time="0.0">
    <ignored/>
  </testcase> <!-- HomeloanHighIntrest3 -->
  <testcase classname="Test.day1" name="PersonalLoanHigh" time="0.0">
    <ignored/>
  </testcase> <!-- PersonalLoanHigh -->
  <testcase classname="Test.day3" name="HomeloanLowIntrest" time="0.0">
    <ignored/>
  </testcase> <!-- HomeloanLowIntrest -->
  <testcase classname="Test.day3" name="HomeloanHighIntrest1" time="0.0">
    <ignored/>
  </testcase> <!-- HomeloanHighIntrest1 -->
  <testcase classname="Test.day3" name="HomeloanHighIntrest" time="0.0">
    <ignored/>
  </testcase> <!-- HomeloanHighIntrest -->
  <testcase classname="Test.day1" name="PersonalLoanLow" time="0.0">
    <ignored/>
  </testcase> <!-- PersonalLoanLow -->
  <testcase classname="Test.day2" name="CarloanLowIntrest" time="0.0">
    <ignored/>
  </testcase> <!-- CarloanLowIntrest -->
</testsuite> <!-- Testng -->
