<?xml version="1.0" encoding="UTF-8"?>
<!-- Generated by org.testng.reporters.JUnitXMLReporter -->
<testsuite ignored="0" hostname="IN-5CG016FPPX" failures="0" tests="5" name="Testng1" time="0.031" errors="0" timestamp="2023-10-22T10:32:07 IST">
  <testcase classname="Test.day3" name="HomeloanHighIntrest" time="0.003"/>
  <testcase classname="Test.day3" name="HomeloanHighIntrest1" time="0.003"/>
  <testcase classname="Test.day3" name="HomeloanHighIntrest2" time="0.002"/>
  <testcase classname="Test.day3" name="HomeloanHighIntrest3" time="0.002"/>
  <testcase classname="Test.day3" name="HomeloanLowIntrest" time="0.002"/>
</testsuite> <!-- Testng1 -->
