<?xml version="1.0" encoding="UTF-8"?>
<testng-results ignored="0" total="1" passed="1" failed="0" skipped="0">
  <reporter-output>
  </reporter-output>
  <suite started-at="2023-10-23T11:48:59 IST" name="Default suite" finished-at="2023-10-23T11:48:59 IST" duration-ms="104">
    <groups>
    </groups>
    <test started-at="2023-10-23T11:48:59 IST" name="Default test" finished-at="2023-10-23T11:48:59 IST" duration-ms="104">
      <class name="JavaInheritence.child">
        <test-method is-config="true" signature="Before()[pri:0, instance:JavaInheritence.child@34b7ac2f]" started-at="2023-10-23T11:48:59 IST" name="Before" finished-at="2023-10-23T11:48:59 IST" duration-ms="14" status="PASS">
          <reporter-output>
          </reporter-output>
        </test-method> <!-- Before -->
        <test-method signature="java()[pri:0, instance:JavaInheritence.child@34b7ac2f]" started-at="2023-10-23T11:48:59 IST" name="java" finished-at="2023-10-23T11:48:59 IST" duration-ms="19" status="PASS">
          <reporter-output>
          </reporter-output>
        </test-method> <!-- java -->
      </class> <!-- JavaInheritence.child -->
    </test> <!-- Default test -->
  </suite> <!-- Default suite -->
</testng-results>
